

*******************************************************************************
Thu Jan 29 07:33:15 2015


FIT:    data read from 'test.txt' u (log($1)):(sin($2))
        #datapoints = 20
        residuals are weighted equally (unit weight)

function used for fitting: f(x)
fitted parameters initialized with current variable values



 Iteration 0
 WSSR        : 663.279           delta(WSSR)/WSSR   : 0
 delta(WSSR) : 0                 limit for stopping : 1e-05
 lambda	  : 5.79929

initial set of free parameter values

kappa           = 1

After 3 iterations the fit converged.
final sum of squares of residuals : 1.09179
rel. change during last iteration : -3.43485e-07

degrees of freedom    (FIT_NDF)                        : 19
rms of residuals      (FIT_STDFIT) = sqrt(WSSR/ndf)    : 0.239714
variance of residuals (reduced chisquare) = WSSR/ndf   : 0.0574628

Final set of parameters            Asymptotic Standard Error
=======================            ==========================

kappa           = 0.00779647       +/- 0.009243     (118.6%)


correlation matrix of the fit parameters:

               kappa  
kappa           1.000 
